75
74
72
71
71
70
73
69
68
67
66
66
65
65
64
64
63
63
62
62
61
61
60
60
59
59
58
58
57
57
56
56
55
54
53
52
51
52
53
54
53
54
55
54
54
55
56
55
55
56
57
57
57
58
59
59
58
59
59
60
60
60
61
61
61
61
62
62
62
62
63
63
63
64
64
64
65
65
65
66
66
66
67
67
67
68
68
68
69
69
69
70
70
49
48
49
53
57
65
76
77
78
79
80
81
82
83
85
84
74
71
71
68
66
65
64
63
62
61
59
57
56
57
58
59
60
61
62
63
67
70
72
73
74
75
76
75
72
67
63
60
58
57
55
54
53
52
51
48
47
46
45
42
39
37
35
34
33
32
31
30
29
35
35
41
58
92
92
100
100
99
98
98
97
97
96
96
95
95
94
92
89
89
88
93
93
93
91
88
92
93
96
96
97
97
99
94
95
97
97
98
96
96
96
99
99
97
97
98
98
98
99
99
100
100
95
95
94
80
84
95
95
89
82
89
82
82
86
82
86
86
82
86
89
86
82
86
81
83
86
93
93
91
93
93
86
88
81
81
88
85
81
81
81
81
88
81
81
81
81
85
84
91
92
85
84
80
80
80
85
80
90
90
90
90
90
81
81
81
81
81
81
83
83
84
89
78
89
89
79
80
83
78
80
77
82
82
88
87
88
82
88
88
88
82
82
82
82
83
84
84
85
86
87
88
88
89
90
91
92
92
93
94
95
96
97
98
99
100
99
98
97
96
95
94
93
92
91
90
89
88
87
86
85
83
83
82
81
75
70
64
58
54
51
50
45
41
37
34
30
27
26
25
26
28
31
35
38
45
55
61
65
71
75
81
85
89
92
95
97
99
100
